# TLS secrets log file, generated by OpenSSL / Python
SERVER_HANDSHAKE_TRAFFIC_SECRET 65a0c21f883113722fd5c11a3c6520d4cb1cb5ff03f03d4a99d9691b76c0103a 08331d4afbf6eda577c260696eab000c71228cc614420baad5fd30e7cf2b5243dfde0084586299f4e20c3ff6c558f4e1
CLIENT_HANDSHAKE_TRAFFIC_SECRET 65a0c21f883113722fd5c11a3c6520d4cb1cb5ff03f03d4a99d9691b76c0103a 583d0ce371e7221feb2d5f8afac0c59832f203050a9e3cdee115b9a5b918fb6982ee62d253743214b8fcd09fa54ea1c7
EXPORTER_SECRET 65a0c21f883113722fd5c11a3c6520d4cb1cb5ff03f03d4a99d9691b76c0103a 4eafaa1615dfa5e96fd8a0392455aedd4b30a50d3d81b5cff6d5acf391d265037e6825951cca977424cc815630c5e28d
SERVER_TRAFFIC_SECRET_0 65a0c21f883113722fd5c11a3c6520d4cb1cb5ff03f03d4a99d9691b76c0103a e8ecc70bba26fa52a9d52553453e29acf228b8825d51c52559c094dbb106c5280fddefeb8a7b7f871dac7476ae690d97
CLIENT_TRAFFIC_SECRET_0 65a0c21f883113722fd5c11a3c6520d4cb1cb5ff03f03d4a99d9691b76c0103a e6b2c52ec154d19f61d67d83535f3fd30d27c8c64367ddb918aea5e6416c4b8684000c1bc373083e3a50ac26961faec4
SERVER_HANDSHAKE_TRAFFIC_SECRET a8aa823f2274b0d278e8d9cfe7c30e173bce309da1e7ad8597dd26c62b58c6b6 87b1d6b8cc0a4f169a41014087459625de51ad557dc9a87d406c56d5f4d69485a7ce77d383a573dc4c2ed0074738b6af
CLIENT_HANDSHAKE_TRAFFIC_SECRET a8aa823f2274b0d278e8d9cfe7c30e173bce309da1e7ad8597dd26c62b58c6b6 ba4afa7e98a206ee44432af03b1e514414c4ba6bb31004052e5afa0f97feecdc03b1be160b4ed1a0644008a5befb0a5b
EXPORTER_SECRET a8aa823f2274b0d278e8d9cfe7c30e173bce309da1e7ad8597dd26c62b58c6b6 a4a611c30b50f3e97646bc947c91ce6d15b29d660e975666e801b0e8c3b6b6a1620f9f63bfd83132457e5a6b88d49fde
SERVER_TRAFFIC_SECRET_0 a8aa823f2274b0d278e8d9cfe7c30e173bce309da1e7ad8597dd26c62b58c6b6 097dd2b694b4d1cae452ded1f348ce3ea7fc7db65d600b6ff3f43188372a9dac55358b4332959b5093106e27f32b4553
CLIENT_TRAFFIC_SECRET_0 a8aa823f2274b0d278e8d9cfe7c30e173bce309da1e7ad8597dd26c62b58c6b6 592fce036e5d9a63d255ff07810dbee1d2b2be01ca1a3a2726904a4ac3b1bdd25d557382deb494c8b2666a59049f5b9a
SERVER_HANDSHAKE_TRAFFIC_SECRET 5867b034787f0441ec20e8cc966ef45edcdfc7c42838450b5a89c4742f3a612c 09a5648f1857affb52846bb680e56733283db314f98058776add056c01aa47fe3ba5d3ccab085778dda87d20d5418af4
CLIENT_HANDSHAKE_TRAFFIC_SECRET 5867b034787f0441ec20e8cc966ef45edcdfc7c42838450b5a89c4742f3a612c 1b6264174817c39ceac7b639689962ad92565cd1fc5450560029f637c7694c465e4cfb799ee045a83e251a989ea55c4a
EXPORTER_SECRET 5867b034787f0441ec20e8cc966ef45edcdfc7c42838450b5a89c4742f3a612c c08633e002e964fddfb0ad5242eb8be480566cc8e0ae71d4aa8249be1a26d37178ff31bfa5054a46e8e47f4ef14b733a
SERVER_TRAFFIC_SECRET_0 5867b034787f0441ec20e8cc966ef45edcdfc7c42838450b5a89c4742f3a612c 3a3afbf9b92a56439ccc3e418872d89c53e2d60e3212985e9e6ba1ee1a231cfb6850c175392a5b077731dc9e724d212b
CLIENT_TRAFFIC_SECRET_0 5867b034787f0441ec20e8cc966ef45edcdfc7c42838450b5a89c4742f3a612c c54fb38a3d0943c01466c0e6db9ad2ab2568961f8962569c84858472c75d2c32bebf9504608eb7ca399f2ab4ea507690
SERVER_HANDSHAKE_TRAFFIC_SECRET 22db8f2eaa73f7dac8569a84d045caf7e3073ccb39ff9e638fcc1cf7b74fa090 cfb5c6aac50382534d8778f807170d85092191d17910c1d09ece5639fb79f71dcdf8ced99ac0d06c10e08dde2b29f0e9
CLIENT_HANDSHAKE_TRAFFIC_SECRET 22db8f2eaa73f7dac8569a84d045caf7e3073ccb39ff9e638fcc1cf7b74fa090 0d69bcf4dbe9f420ac045664e3f63e6e615768b7be33c001cf40287e71d19f79e99d5a3ec7475535dfb0e90bd5e8d61e
EXPORTER_SECRET 22db8f2eaa73f7dac8569a84d045caf7e3073ccb39ff9e638fcc1cf7b74fa090 a9fd35f8f7b230f421bfbbcb518a22c5c0b61cc05ae9fd79ef0d51e2a664551a89a33efa0cf3ed2fee1d22290a7ac41b
SERVER_TRAFFIC_SECRET_0 22db8f2eaa73f7dac8569a84d045caf7e3073ccb39ff9e638fcc1cf7b74fa090 4fec442211c3018757d1715009966baca989f6cebc027614e60be4f34034e077b0a24bad3d08a5c8f6f55272bda99304
CLIENT_TRAFFIC_SECRET_0 22db8f2eaa73f7dac8569a84d045caf7e3073ccb39ff9e638fcc1cf7b74fa090 e79a50bbcb7a174e043059d616a1f7e1fbe6b2246a6e380f405a16625961d3b60462ce6ba8dcdf8ebfa30cb47c989308
